app/build/intermediates/manifest_merge_blame_file/debug/processDebugMainManifest/manifest-merger-blame-debug-report.txt
1<?xml version="1.0" encoding="utf-8"?>
2<manifest xmlns:android="http://schemas.android.com/apk/res/android"
3    package="me.wcy.music"
4    android:versionCode="2030001"
5    android:versionName="2.3.0-beta01" >
6
7    <uses-sdk
8        android:minSdkVersion="21"
9        android:targetSdkVersion="36" />
10
11    <uses-permission android:name="android.permission.INTERNET" />
11-->src\main\AndroidManifest.xml:4:5-67
11-->src\main\AndroidManifest.xml:4:22-64
12    <uses-permission android:name="android.permission.ACCESS_NETWORK_STATE" />
12-->src\main\AndroidManifest.xml:5:5-79
12-->src\main\AndroidManifest.xml:5:22-76
13    <uses-permission android:name="android.permission.ACCESS_WIFI_STATE" />
13-->src\main\AndroidManifest.xml:6:5-76
13-->src\main\AndroidManifest.xml:6:22-73
14    <uses-permission android:name="android.permission.WRITE_EXTERNAL_STORAGE" />
14-->src\main\AndroidManifest.xml:7:5-81
14-->src\main\AndroidManifest.xml:7:22-78
15    <uses-permission android:name="android.permission.FOREGROUND_SERVICE" />
15-->src\main\AndroidManifest.xml:8:5-77
15-->src\main\AndroidManifest.xml:8:22-74
16    <uses-permission android:name="android.permission.FOREGROUND_SERVICE_MEDIA_PLAYBACK" />
16-->src\main\AndroidManifest.xml:9:5-92
16-->src\main\AndroidManifest.xml:9:22-89
17
18    <!-- Android Automotive 通知栏相关权限 -->
19    <uses-permission android:name="android.permission.POST_NOTIFICATIONS" />
19-->src\main\AndroidManifest.xml:12:5-77
19-->src\main\AndroidManifest.xml:12:22-74
20    <uses-permission android:name="android.permission.WAKE_LOCK" />
20-->src\main\AndroidManifest.xml:13:5-68
20-->src\main\AndroidManifest.xml:13:22-65
21
22    <!-- Android Automotive 音量控制权限 -->
23    <uses-permission android:name="android.car.permission.CAR_CONTROL_AUDIO_VOLUME" />
23-->src\main\AndroidManifest.xml:16:5-87
23-->src\main\AndroidManifest.xml:16:22-84
24    <uses-permission android:name="android.car.permission.ACCESS_CAR_AUDIO" />
24-->src\main\AndroidManifest.xml:17:5-79
24-->src\main\AndroidManifest.xml:17:22-76
25    <uses-permission android:name="android.permission.VIBRATE" />
25-->[com.github.wangchenyan:android-common:1.0.2] AndroidManifest.xml:8:5-66
25-->[com.github.wangchenyan:android-common:1.0.2] AndroidManifest.xml:8:22-63
26    <uses-permission android:name="android.permission.READ_EXTERNAL_STORAGE" />
26-->[com.github.wangchenyan:android-common:1.0.2] AndroidManifest.xml:9:5-80
26-->[com.github.wangchenyan:android-common:1.0.2] AndroidManifest.xml:9:22-77
27    <uses-permission android:name="android.permission.READ_MEDIA_IMAGES" />
27-->[com.github.wangchenyan:android-common:1.0.2] AndroidManifest.xml:11:5-76
27-->[com.github.wangchenyan:android-common:1.0.2] AndroidManifest.xml:11:22-73
28    <uses-permission android:name="android.permission.READ_MEDIA_AUDIO" />
28-->[com.github.wangchenyan:android-common:1.0.2] AndroidManifest.xml:12:5-75
28-->[com.github.wangchenyan:android-common:1.0.2] AndroidManifest.xml:12:22-72
29    <uses-permission android:name="android.permission.READ_MEDIA_VIDEO" />
29-->[com.github.wangchenyan:android-common:1.0.2] AndroidManifest.xml:13:5-75
29-->[com.github.wangchenyan:android-common:1.0.2] AndroidManifest.xml:13:22-72
30    <uses-permission android:name="android.permission.CAMERA" />
30-->[com.github.wangchenyan:android-common:1.0.2] AndroidManifest.xml:14:5-65
30-->[com.github.wangchenyan:android-common:1.0.2] AndroidManifest.xml:14:22-62
31
32    <queries>
32-->[com.github.wangchenyan:android-common:1.0.2] AndroidManifest.xml:16:5-20:15
33        <intent>
33-->[com.github.wangchenyan:android-common:1.0.2] AndroidManifest.xml:17:9-19:18
34            <action android:name="android.intent.action.SEND" />
34-->[com.github.wangchenyan:android-common:1.0.2] AndroidManifest.xml:18:13-65
34-->[com.github.wangchenyan:android-common:1.0.2] AndroidManifest.xml:18:21-62
35        </intent>
36        <intent>
36-->[com.blankj:utilcodex:1.31.1] AndroidManifest.xml:10:9-12:18
37            <action android:name="android.intent.action.MAIN" />
37-->src\main\AndroidManifest.xml:52:17-69
37-->src\main\AndroidManifest.xml:52:25-66
38        </intent>
39        <intent>
39-->[com.blankj:utilcodex:1.31.1] AndroidManifest.xml:13:9-15:18
40            <action android:name="android.intent.action.VIEW" />
40-->[com.blankj:utilcodex:1.31.1] AndroidManifest.xml:14:13-65
40-->[com.blankj:utilcodex:1.31.1] AndroidManifest.xml:14:21-62
41        </intent>
42    </queries>
43
44    <uses-feature android:name="android.hardware.camera" />
44-->[cn.bertsir.zbarLibary:zbarlibary:1.4.2] AndroidManifest.xml:13:5-60
44-->[cn.bertsir.zbarLibary:zbarlibary:1.4.2] AndroidManifest.xml:13:19-57
45    <uses-feature android:name="android.hardware.camera.autofocus" />
45-->[cn.bertsir.zbarLibary:zbarlibary:1.4.2] AndroidManifest.xml:14:5-70
45-->[cn.bertsir.zbarLibary:zbarlibary:1.4.2] AndroidManifest.xml:14:19-67
46
47    <uses-permission android:name="android.permission.FLASHLIGHT" />
47-->[cn.bertsir.zbarLibary:zbarlibary:1.4.2] AndroidManifest.xml:16:5-69
47-->[cn.bertsir.zbarLibary:zbarlibary:1.4.2] AndroidManifest.xml:16:22-66
48    <uses-permission android:name="android.permission.MOUNT_UNMOUNT_FILESYSTEMS" />
48-->[cn.bertsir.zbarLibary:zbarlibary:1.4.2] AndroidManifest.xml:20:5-84
48-->[cn.bertsir.zbarLibary:zbarlibary:1.4.2] AndroidManifest.xml:20:22-81
49
50    <permission
50-->[androidx.core:core:1.13.0] AndroidManifest.xml:22:5-24:47
51        android:name="me.wcy.music.DYNAMIC_RECEIVER_NOT_EXPORTED_PERMISSION"
51-->[androidx.core:core:1.13.0] AndroidManifest.xml:23:9-81
52        android:protectionLevel="signature" />
52-->[androidx.core:core:1.13.0] AndroidManifest.xml:24:9-44
53
54    <uses-permission android:name="me.wcy.music.DYNAMIC_RECEIVER_NOT_EXPORTED_PERMISSION" />
54-->[androidx.core:core:1.13.0] AndroidManifest.xml:26:5-97
54-->[androidx.core:core:1.13.0] AndroidManifest.xml:26:22-94
55
56    <application
56-->src\main\AndroidManifest.xml:19:5-94:19
57        android:name="me.wcy.music.MusicApplication"
57-->src\main\AndroidManifest.xml:20:9-41
58        android:allowBackup="true"
58-->src\main\AndroidManifest.xml:21:9-35
59        android:appComponentFactory="androidx.core.app.CoreComponentFactory"
59-->[androidx.core:core:1.13.0] AndroidManifest.xml:28:18-86
60        android:debuggable="true"
61        android:extractNativeLibs="true"
62        android:icon="@drawable/ic_launcher"
62-->src\main\AndroidManifest.xml:22:9-45
63        android:label="@string/app_name"
63-->src\main\AndroidManifest.xml:23:9-41
64        android:networkSecurityConfig="@xml/network_security_config"
64-->src\main\AndroidManifest.xml:24:9-69
65        android:roundIcon="@drawable/ic_launcher_round"
65-->src\main\AndroidManifest.xml:25:9-56
66        android:supportsRtl="true"
66-->[cn.bertsir.zbarLibary:zbarlibary:1.4.2] AndroidManifest.xml:26:9-35
67        android:testOnly="true"
68        android:theme="@style/AppTheme" >
68-->src\main\AndroidManifest.xml:26:9-40
69        <service
69-->src\main\AndroidManifest.xml:28:9-35:19
70            android:name="me.wcy.music.service.MusicService"
70-->src\main\AndroidManifest.xml:29:13-49
71            android:exported="true"
71-->src\main\AndroidManifest.xml:30:13-36
72            android:foregroundServiceType="mediaPlayback" >
72-->src\main\AndroidManifest.xml:31:13-58
73            <intent-filter>
73-->src\main\AndroidManifest.xml:32:13-34:29
74                <action android:name="androidx.media3.session.MediaSessionService" />
74-->src\main\AndroidManifest.xml:33:17-86
74-->src\main\AndroidManifest.xml:33:25-83
75            </intent-filter>
76        </service>
77
78        <receiver
78-->src\main\AndroidManifest.xml:37:9-43:20
79            android:name="me.wcy.music.download.DownloadReceiver"
79-->src\main\AndroidManifest.xml:38:13-54
80            android:exported="true" >
80-->src\main\AndroidManifest.xml:39:13-36
81            <intent-filter>
81-->src\main\AndroidManifest.xml:40:13-42:29
82                <action android:name="android.intent.action.DOWNLOAD_COMPLETE" />
82-->src\main\AndroidManifest.xml:41:17-82
82-->src\main\AndroidManifest.xml:41:25-79
83            </intent-filter>
84        </receiver>
85
86        <activity
86-->src\main\AndroidManifest.xml:45:9-56:20
87            android:name="me.wcy.music.splash.SplashActivity"
87-->src\main\AndroidManifest.xml:46:13-50
88            android:exported="true"
88-->src\main\AndroidManifest.xml:47:13-36
89            android:label="@string/app_name"
89-->src\main\AndroidManifest.xml:48:13-45
90            android:launchMode="singleTop"
90-->src\main\AndroidManifest.xml:49:13-43
91            android:theme="@style/AppTheme.CarImmersive.Splash" >
91-->src\main\AndroidManifest.xml:50:13-64
92            <intent-filter>
92-->src\main\AndroidManifest.xml:51:13-55:29
93                <action android:name="android.intent.action.MAIN" />
93-->src\main\AndroidManifest.xml:52:17-69
93-->src\main\AndroidManifest.xml:52:25-66
94
95                <category android:name="android.intent.category.LAUNCHER" />
95-->src\main\AndroidManifest.xml:54:17-77
95-->src\main\AndroidManifest.xml:54:27-74
96            </intent-filter>
97        </activity>
98        <activity
98-->src\main\AndroidManifest.xml:57:9-63:20
99            android:name="me.wcy.music.main.MainActivity"
99-->src\main\AndroidManifest.xml:58:13-46
100            android:exported="false"
100-->src\main\AndroidManifest.xml:59:13-37
101            android:label="@string/app_name"
101-->src\main\AndroidManifest.xml:60:13-45
102            android:launchMode="singleTop"
102-->src\main\AndroidManifest.xml:61:13-43
103            android:theme="@style/AppTheme.CarImmersive" >
103-->src\main\AndroidManifest.xml:62:13-57
104        </activity>
105        <activity
105-->src\main\AndroidManifest.xml:64:9-70:20
106            android:name="me.wcy.music.login.LoginActivity"
106-->src\main\AndroidManifest.xml:65:13-48
107            android:exported="false"
107-->src\main\AndroidManifest.xml:66:13-37
108            android:label="登录"
108-->src\main\AndroidManifest.xml:67:13-31
109            android:launchMode="singleTop"
109-->src\main\AndroidManifest.xml:68:13-43
110            android:theme="@style/AppTheme.CarImmersive" >
110-->src\main\AndroidManifest.xml:69:13-57
111        </activity>
112        <activity
112-->src\main\AndroidManifest.xml:71:9-73:60
113            android:name="me.wcy.music.common.MusicFragmentContainerActivity"
113-->src\main\AndroidManifest.xml:72:13-66
114            android:theme="@style/AppTheme.CarImmersive" />
114-->src\main\AndroidManifest.xml:73:13-57
115        <activity
115-->src\main\AndroidManifest.xml:74:9-77:60
116            android:name="me.wcy.music.main.SettingsActivity"
116-->src\main\AndroidManifest.xml:75:13-50
117            android:label="@string/menu_setting"
117-->src\main\AndroidManifest.xml:76:13-49
118            android:theme="@style/AppTheme.CarImmersive" />
118-->src\main\AndroidManifest.xml:77:13-57
119        <activity
119-->src\main\AndroidManifest.xml:78:9-81:60
120            android:name="me.wcy.music.main.AboutActivity"
120-->src\main\AndroidManifest.xml:79:13-47
121            android:label="@string/menu_about"
121-->src\main\AndroidManifest.xml:80:13-47
122            android:theme="@style/AppTheme.CarImmersive" />
122-->src\main\AndroidManifest.xml:81:13-57
123        <activity
123-->src\main\AndroidManifest.xml:82:9-85:68
124            android:name="me.wcy.music.main.playing.PlayingActivity"
124-->src\main\AndroidManifest.xml:83:13-69
125            android:launchMode="singleTop"
125-->src\main\AndroidManifest.xml:84:13-43
126            android:theme="@style/AppTheme.CarImmersive.Playing" />
126-->src\main\AndroidManifest.xml:85:13-65
127
128        <!-- Android Automotive 元数据配置 -->
129        <meta-data
129-->src\main\AndroidManifest.xml:88:9-90:59
130            android:name="com.android.automotive"
130-->src\main\AndroidManifest.xml:89:13-50
131            android:resource="@xml/automotive_app_desc" />
131-->src\main\AndroidManifest.xml:90:13-56
132        <meta-data
132-->src\main\AndroidManifest.xml:91:9-93:65
133            android:name="androidx.media3.session.MediaSessionService"
133-->src\main\AndroidManifest.xml:92:13-71
134            android:value="me.wcy.music.service.MusicService" />
134-->src\main\AndroidManifest.xml:93:13-62
135
136        <activity
136-->[com.github.wangchenyan:android-common:1.0.2] AndroidManifest.xml:23:9-25:50
137            android:name="top.wangchenyan.common.ui.activity.FragmentContainerActivity"
137-->[com.github.wangchenyan:android-common:1.0.2] AndroidManifest.xml:24:13-88
138            android:screenOrientation="behind" />
138-->[com.github.wangchenyan:android-common:1.0.2] AndroidManifest.xml:25:13-47
139
140        <meta-data
140-->[com.github.li-xiaojun:XPopup:2.7.9] AndroidManifest.xml:11:9-13:36
141            android:name="android.notch_support"
141-->[com.github.li-xiaojun:XPopup:2.7.9] AndroidManifest.xml:12:13-49
142            android:value="true" /> <!-- PermissonActivity -->
142-->[com.github.li-xiaojun:XPopup:2.7.9] AndroidManifest.xml:13:13-33
143        <activity
143-->[com.github.li-xiaojun:XPopup:2.7.9] AndroidManifest.xml:15:9-17:75
144            android:name="com.lxj.xpopup.util.XPermission$PermissionActivity"
144-->[com.github.li-xiaojun:XPopup:2.7.9] AndroidManifest.xml:16:13-78
145            android:theme="@android:style/Theme.Translucent.NoTitleBar" />
145-->[com.github.li-xiaojun:XPopup:2.7.9] AndroidManifest.xml:17:13-72
146
147        <provider
147-->[cn.bertsir.zbarLibary:zbarlibary:1.4.2] AndroidManifest.xml:27:9-35:20
148            android:name="cn.bertsir.zbar.utils.QrFileProvider"
148-->[cn.bertsir.zbarLibary:zbarlibary:1.4.2] AndroidManifest.xml:28:13-64
149            android:authorities="me.wcy.music.zbar.FileProvider"
149-->[cn.bertsir.zbarLibary:zbarlibary:1.4.2] AndroidManifest.xml:29:13-69
150            android:exported="false"
150-->[cn.bertsir.zbarLibary:zbarlibary:1.4.2] AndroidManifest.xml:30:13-37
151            android:grantUriPermissions="true" >
151-->[cn.bertsir.zbarLibary:zbarlibary:1.4.2] AndroidManifest.xml:31:13-47
152            <meta-data
152-->[cn.bertsir.zbarLibary:zbarlibary:1.4.2] AndroidManifest.xml:32:13-34:57
153                android:name="android.support.FILE_PROVIDER_PATHS"
153-->[cn.bertsir.zbarLibary:zbarlibary:1.4.2] AndroidManifest.xml:33:17-67
154                android:resource="@xml/qr_file_paths" />
154-->[cn.bertsir.zbarLibary:zbarlibary:1.4.2] AndroidManifest.xml:34:17-54
155        </provider>
156
157        <activity
157-->[cn.bertsir.zbarLibary:zbarlibary:1.4.2] AndroidManifest.xml:37:9-39:77
158            android:name="cn.bertsir.zbar.QRActivity"
158-->[cn.bertsir.zbarLibary:zbarlibary:1.4.2] AndroidManifest.xml:38:13-54
159            android:configChanges="keyboardHidden|orientation|screenSize" />
159-->[cn.bertsir.zbarLibary:zbarlibary:1.4.2] AndroidManifest.xml:39:13-74
160        <activity
160-->[cn.bertsir.zbarLibary:zbarlibary:1.4.2] AndroidManifest.xml:40:9-42:58
161            android:name="cn.bertsir.zbar.utils.PermissionUtils$PermissionActivity"
161-->[cn.bertsir.zbarLibary:zbarlibary:1.4.2] AndroidManifest.xml:41:13-84
162            android:theme="@style/ActivityTranslucent" />
162-->[cn.bertsir.zbarLibary:zbarlibary:1.4.2] AndroidManifest.xml:42:13-55
163        <activity android:name="com.soundcloud.android.crop.CropImageActivity" />
163-->[cn.bertsir.zbarLibary:zbarlibary:1.4.2] AndroidManifest.xml:43:9-82
163-->[cn.bertsir.zbarLibary:zbarlibary:1.4.2] AndroidManifest.xml:43:19-79
164        <activity
164-->[com.blankj:utilcodex:1.31.1] AndroidManifest.xml:19:9-24:75
165            android:name="com.blankj.utilcode.util.UtilsTransActivity4MainProcess"
165-->[com.blankj:utilcodex:1.31.1] AndroidManifest.xml:20:13-83
166            android:configChanges="orientation|keyboardHidden|screenSize"
166-->[com.blankj:utilcodex:1.31.1] AndroidManifest.xml:21:13-74
167            android:exported="false"
167-->[com.blankj:utilcodex:1.31.1] AndroidManifest.xml:22:13-37
168            android:theme="@style/ActivityTranslucent"
168-->[com.blankj:utilcodex:1.31.1] AndroidManifest.xml:23:13-55
169            android:windowSoftInputMode="stateHidden|stateAlwaysHidden" />
169-->[com.blankj:utilcodex:1.31.1] AndroidManifest.xml:24:13-72
170        <activity
170-->[com.blankj:utilcodex:1.31.1] AndroidManifest.xml:25:9-31:75
171            android:name="com.blankj.utilcode.util.UtilsTransActivity"
171-->[com.blankj:utilcodex:1.31.1] AndroidManifest.xml:26:13-71
172            android:configChanges="orientation|keyboardHidden|screenSize"
172-->[com.blankj:utilcodex:1.31.1] AndroidManifest.xml:27:13-74
173            android:exported="false"
173-->[com.blankj:utilcodex:1.31.1] AndroidManifest.xml:28:13-37
174            android:multiprocess="true"
174-->[com.blankj:utilcodex:1.31.1] AndroidManifest.xml:29:13-40
175            android:theme="@style/ActivityTranslucent"
175-->[com.blankj:utilcodex:1.31.1] AndroidManifest.xml:30:13-55
176            android:windowSoftInputMode="stateHidden|stateAlwaysHidden" />
176-->[com.blankj:utilcodex:1.31.1] AndroidManifest.xml:31:13-72
177
178        <provider
178-->[com.blankj:utilcodex:1.31.1] AndroidManifest.xml:33:9-41:20
179            android:name="com.blankj.utilcode.util.UtilsFileProvider"
179-->[com.blankj:utilcodex:1.31.1] AndroidManifest.xml:34:13-70
180            android:authorities="me.wcy.music.utilcode.fileprovider"
180-->[com.blankj:utilcodex:1.31.1] AndroidManifest.xml:35:13-73
181            android:exported="false"
181-->[com.blankj:utilcodex:1.31.1] AndroidManifest.xml:36:13-37
182            android:grantUriPermissions="true" >
182-->[com.blankj:utilcodex:1.31.1] AndroidManifest.xml:37:13-47
183            <meta-data
183-->[cn.bertsir.zbarLibary:zbarlibary:1.4.2] AndroidManifest.xml:32:13-34:57
184                android:name="android.support.FILE_PROVIDER_PATHS"
184-->[cn.bertsir.zbarLibary:zbarlibary:1.4.2] AndroidManifest.xml:33:17-67
185                android:resource="@xml/util_code_provider_paths" />
185-->[cn.bertsir.zbarLibary:zbarlibary:1.4.2] AndroidManifest.xml:34:17-54
186        </provider>
187
188        <service
188-->[com.blankj:utilcodex:1.31.1] AndroidManifest.xml:43:9-49:19
189            android:name="com.blankj.utilcode.util.MessengerUtils$ServerService"
189-->[com.blankj:utilcodex:1.31.1] AndroidManifest.xml:44:13-81
190            android:exported="false" >
190-->[com.blankj:utilcodex:1.31.1] AndroidManifest.xml:45:13-37
191            <intent-filter>
191-->[com.blankj:utilcodex:1.31.1] AndroidManifest.xml:46:13-48:29
192                <action android:name="me.wcy.music.messenger" />
192-->[com.blankj:utilcodex:1.31.1] AndroidManifest.xml:47:17-69
192-->[com.blankj:utilcodex:1.31.1] AndroidManifest.xml:47:25-66
193            </intent-filter>
194        </service>
195        <service
195-->[androidx.room:room-runtime:2.6.1] AndroidManifest.xml:24:9-28:63
196            android:name="androidx.room.MultiInstanceInvalidationService"
196-->[androidx.room:room-runtime:2.6.1] AndroidManifest.xml:25:13-74
197            android:directBootAware="true"
197-->[androidx.room:room-runtime:2.6.1] AndroidManifest.xml:26:13-43
198            android:exported="false" />
198-->[androidx.room:room-runtime:2.6.1] AndroidManifest.xml:27:13-37
199
200        <provider
200-->[androidx.emoji2:emoji2:1.3.0] AndroidManifest.xml:24:9-32:20
201            android:name="androidx.startup.InitializationProvider"
201-->[androidx.emoji2:emoji2:1.3.0] AndroidManifest.xml:25:13-67
202            android:authorities="me.wcy.music.androidx-startup"
202-->[androidx.emoji2:emoji2:1.3.0] AndroidManifest.xml:26:13-68
203            android:exported="false" >
203-->[androidx.emoji2:emoji2:1.3.0] AndroidManifest.xml:27:13-37
204            <meta-data
204-->[androidx.emoji2:emoji2:1.3.0] AndroidManifest.xml:29:13-31:52
205                android:name="androidx.emoji2.text.EmojiCompatInitializer"
205-->[androidx.emoji2:emoji2:1.3.0] AndroidManifest.xml:30:17-75
206                android:value="androidx.startup" />
206-->[androidx.emoji2:emoji2:1.3.0] AndroidManifest.xml:31:17-49
207            <meta-data
207-->[androidx.lifecycle:lifecycle-process:2.6.2] AndroidManifest.xml:29:13-31:52
208                android:name="androidx.lifecycle.ProcessLifecycleInitializer"
208-->[androidx.lifecycle:lifecycle-process:2.6.2] AndroidManifest.xml:30:17-78
209                android:value="androidx.startup" />
209-->[androidx.lifecycle:lifecycle-process:2.6.2] AndroidManifest.xml:31:17-49
210            <meta-data
210-->[androidx.profileinstaller:profileinstaller:1.4.0] AndroidManifest.xml:29:13-31:52
211                android:name="androidx.profileinstaller.ProfileInstallerInitializer"
211-->[androidx.profileinstaller:profileinstaller:1.4.0] AndroidManifest.xml:30:17-85
212                android:value="androidx.startup" />
212-->[androidx.profileinstaller:profileinstaller:1.4.0] AndroidManifest.xml:31:17-49
213        </provider>
214
215        <uses-library
215-->[androidx.window:window:1.0.0] AndroidManifest.xml:25:9-27:40
216            android:name="androidx.window.extensions"
216-->[androidx.window:window:1.0.0] AndroidManifest.xml:26:13-54
217            android:required="false" />
217-->[androidx.window:window:1.0.0] AndroidManifest.xml:27:13-37
218        <uses-library
218-->[androidx.window:window:1.0.0] AndroidManifest.xml:28:9-30:40
219            android:name="androidx.window.sidecar"
219-->[androidx.window:window:1.0.0] AndroidManifest.xml:29:13-51
220            android:required="false" />
220-->[androidx.window:window:1.0.0] AndroidManifest.xml:30:13-37
221
222        <provider
222-->[com.github.wangchenyan.crouter:crouter-api:3.0.0-beta01] AndroidManifest.xml:8:9-12:43
223            android:name="me.wcy.router.RouterProvider"
223-->[com.github.wangchenyan.crouter:crouter-api:3.0.0-beta01] AndroidManifest.xml:9:13-56
224            android:authorities="me.wcy.music.crouter.provider"
224-->[com.github.wangchenyan.crouter:crouter-api:3.0.0-beta01] AndroidManifest.xml:10:13-68
225            android:exported="false"
225-->[com.github.wangchenyan.crouter:crouter-api:3.0.0-beta01] AndroidManifest.xml:11:13-37
226            android:multiprocess="true" />
226-->[com.github.wangchenyan.crouter:crouter-api:3.0.0-beta01] AndroidManifest.xml:12:13-40
227
228        <receiver
228-->[androidx.profileinstaller:profileinstaller:1.4.0] AndroidManifest.xml:34:9-52:20
229            android:name="androidx.profileinstaller.ProfileInstallReceiver"
229-->[androidx.profileinstaller:profileinstaller:1.4.0] AndroidManifest.xml:35:13-76
230            android:directBootAware="false"
230-->[androidx.profileinstaller:profileinstaller:1.4.0] AndroidManifest.xml:36:13-44
231            android:enabled="true"
231-->[androidx.profileinstaller:profileinstaller:1.4.0] AndroidManifest.xml:37:13-35
232            android:exported="true"
232-->[androidx.profileinstaller:profileinstaller:1.4.0] AndroidManifest.xml:38:13-36
233            android:permission="android.permission.DUMP" >
233-->[androidx.profileinstaller:profileinstaller:1.4.0] AndroidManifest.xml:39:13-57
234            <intent-filter>
234-->[androidx.profileinstaller:profileinstaller:1.4.0] AndroidManifest.xml:40:13-42:29
235                <action android:name="androidx.profileinstaller.action.INSTALL_PROFILE" />
235-->[androidx.profileinstaller:profileinstaller:1.4.0] AndroidManifest.xml:41:17-91
235-->[androidx.profileinstaller:profileinstaller:1.4.0] AndroidManifest.xml:41:25-88
236            </intent-filter>
237            <intent-filter>
237-->[androidx.profileinstaller:profileinstaller:1.4.0] AndroidManifest.xml:43:13-45:29
238                <action android:name="androidx.profileinstaller.action.SKIP_FILE" />
238-->[androidx.profileinstaller:profileinstaller:1.4.0] AndroidManifest.xml:44:17-85
238-->[androidx.profileinstaller:profileinstaller:1.4.0] AndroidManifest.xml:44:25-82
239            </intent-filter>
240            <intent-filter>
240-->[androidx.profileinstaller:profileinstaller:1.4.0] AndroidManifest.xml:46:13-48:29
241                <action android:name="androidx.profileinstaller.action.SAVE_PROFILE" />
241-->[androidx.profileinstaller:profileinstaller:1.4.0] AndroidManifest.xml:47:17-88
241-->[androidx.profileinstaller:profileinstaller:1.4.0] AndroidManifest.xml:47:25-85
242            </intent-filter>
243            <intent-filter>
243-->[androidx.profileinstaller:profileinstaller:1.4.0] AndroidManifest.xml:49:13-51:29
244                <action android:name="androidx.profileinstaller.action.BENCHMARK_OPERATION" />
244-->[androidx.profileinstaller:profileinstaller:1.4.0] AndroidManifest.xml:50:17-95
244-->[androidx.profileinstaller:profileinstaller:1.4.0] AndroidManifest.xml:50:25-92
245            </intent-filter>
246        </receiver>
247
248        <provider
248-->[com.github.soulqw:SoulPermission:1.4.0] AndroidManifest.xml:10:9-14:43
249            android:name="com.qw.soul.permission.InitProvider"
249-->[com.github.soulqw:SoulPermission:1.4.0] AndroidManifest.xml:11:13-63
250            android:authorities="me.wcy.music.permission.provider"
250-->[com.github.soulqw:SoulPermission:1.4.0] AndroidManifest.xml:12:13-71
251            android:exported="false"
251-->[com.github.soulqw:SoulPermission:1.4.0] AndroidManifest.xml:13:13-37
252            android:multiprocess="true" />
252-->[com.github.soulqw:SoulPermission:1.4.0] AndroidManifest.xml:14:13-40
253
254        <service android:name="com.liulishuo.filedownloader.services.FileDownloadService$SharedMainProcessService" />
254-->[com.liulishuo.filedownloader:library:1.7.7] AndroidManifest.xml:12:9-118
254-->[com.liulishuo.filedownloader:library:1.7.7] AndroidManifest.xml:12:18-115
255        <service
255-->[com.liulishuo.filedownloader:library:1.7.7] AndroidManifest.xml:13:9-15:49
256            android:name="com.liulishuo.filedownloader.services.FileDownloadService$SeparateProcessService"
256-->[com.liulishuo.filedownloader:library:1.7.7] AndroidManifest.xml:14:13-108
257            android:process=":filedownloader" />
257-->[com.liulishuo.filedownloader:library:1.7.7] AndroidManifest.xml:15:13-46
258    </application>
259
260</manifest>